<?xml version="1.0" encoding="UTF-8"?>
<testng-results ignored="0" total="1" passed="1" failed="0" skipped="0">
  <reporter-output>
  </reporter-output>
  <suite started-at="2025-03-29T16:01:03 IST" name="Default suite" finished-at="2025-03-29T16:01:03 IST" duration-ms="96">
    <groups>
    </groups>
    <test started-at="2025-03-29T16:01:03 IST" name="Default test" finished-at="2025-03-29T16:01:03 IST" duration-ms="96">
      <class name="seleniumDemo.Demo1">
        <test-method signature="m1()[pri:0, instance:seleniumDemo.Demo1@206a70ef]" started-at="2025-03-29T16:01:03 IST" name="m1" finished-at="2025-03-29T16:01:03 IST" duration-ms="16" status="PASS">
          <reporter-output>
          </reporter-output>
        </test-method> <!-- m1 -->
      </class> <!-- seleniumDemo.Demo1 -->
    </test> <!-- Default test -->
  </suite> <!-- Default suite -->
</testng-results>
