<?xml version="1.0" encoding="UTF-8"?>
<testng-results ignored="0" total="1" passed="1" failed="0" skipped="0">
  <reporter-output>
  </reporter-output>
  <suite started-at="2025-03-28T15:17:10 IST" name="Default suite" finished-at="2025-03-28T15:17:10 IST" duration-ms="134">
    <groups>
    </groups>
    <test started-at="2025-03-28T15:17:10 IST" name="Default test" finished-at="2025-03-28T15:17:10 IST" duration-ms="134">
      <class name="seleniumDemo.Demo">
        <test-method signature="method()[pri:0, instance:seleniumDemo.Demo@206a70ef]" started-at="2025-03-28T15:17:10 IST" name="method" finished-at="2025-03-28T15:17:10 IST" duration-ms="25" status="PASS">
          <reporter-output>
          </reporter-output>
        </test-method> <!-- method -->
      </class> <!-- seleniumDemo.Demo -->
    </test> <!-- Default test -->
  </suite> <!-- Default suite -->
</testng-results>
